<?xml version="1.0" encoding="UTF-8"?>
<!-- Generated by org.testng.reporters.JUnitReportReporter -->
<testsuite skipped="0" hostname="DESKTOP-13RKBDN" name="testcases.TC001_LoginLogout" tests="3" failures="0" timestamp="2020-01-26T12:52:43 IST" time="54.859" errors="0">
  <testcase name="runLoginLogout" time="25.333" classname="testcases.TC001_LoginLogout"/>
  <testcase name="runLoginLogout" time="12.391" classname="testcases.TC001_LoginLogout"/>
  <testcase name="runLoginLogout" time="17.135" classname="testcases.TC001_LoginLogout"/>
</testsuite> <!-- testcases.TC001_LoginLogout -->
